<?xml version="1.0" encoding="UTF-8"?>
<!-- Generated by org.testng.reporters.JUnitReportReporter -->
<testsuite hostname="DESKTOP-AR5PPPC" failures="0" tests="1" name="cars.TC_Cars_022" time="12.442" errors="0" timestamp="2023-05-13T08:35:28 IST" skipped="0">
  <testcase classname="cars.TC_Cars_022" name="cars" time="12.442"/>
  <system-out/>
</testsuite> <!-- cars.TC_Cars_022 -->
