<?xml version="1.0" encoding="UTF-8"?>
<!-- Generated by org.testng.reporters.JUnitReportReporter -->
<testsuite hostname="DESKTOP-AR5PPPC" failures="0" tests="1" name="bikes.TC_Bikes_013" time="66.627" errors="0" timestamp="2023-05-15T07:23:53 IST" skipped="0">
  <testcase classname="bikes.TC_Bikes_013" name="bikes" time="66.627"/>
  <system-out/>
</testsuite> <!-- bikes.TC_Bikes_013 -->
