<?xml version="1.0" encoding="UTF-8"?>
<!-- Generated by org.testng.reporters.JUnitReportReporter -->
<testsuite hostname="DESKTOP-AR5PPPC" failures="0" tests="1" name="workingWithTestNG.SearchBusesForThreeDifferentFromAndToLocations" time="72.032" errors="0" timestamp="2023-05-22T08:29:47 IST" skipped="0">
  <testcase classname="workingWithTestNG.SearchBusesForThreeDifferentFromAndToLocations" name="searchBusesForThreeDifferentFromAndToLocations" time="72.032"/>
  <system-out/>
</testsuite> <!-- workingWithTestNG.SearchBusesForThreeDifferentFromAndToLocations -->
