<?xml version="1.0" encoding="UTF-8"?>
<!-- Generated by org.testng.reporters.JUnitReportReporter -->
<testsuite hostname="DESKTOP-AR5PPPC" failures="0" tests="2" name="workingWithTestNG.ToUnderstandCrossBrowserTesting" time="158.038" errors="0" timestamp="2023-05-15T08:05:18 IST" skipped="0">
  <testcase classname="workingWithTestNG.ToUnderstandCrossBrowserTesting" name="register" time="18.456"/>
  <system-out/>
  <testcase classname="workingWithTestNG.ToUnderstandCrossBrowserTesting" name="register" time="139.582"/>
  <system-out/>
</testsuite> <!-- workingWithTestNG.ToUnderstandCrossBrowserTesting -->
