<?xml version="1.0" encoding="UTF-8"?>
<!-- Generated by org.testng.reporters.JUnitReportReporter -->
<testsuite hostname="DESKTOP-AR5PPPC" failures="0" tests="1" name="assertion.ToUnderstandAssertion" time="24.355" errors="0" timestamp="2023-05-17T07:41:25 IST" skipped="0">
  <testcase classname="assertion.ToUnderstandAssertion" name="assertionPractice" time="24.355"/>
  <system-out/>
</testsuite> <!-- assertion.ToUnderstandAssertion -->
