<?xml version="1.0" encoding="UTF-8"?>
<!-- Generated by org.testng.reporters.JUnitReportReporter -->
<testsuite hostname="DESKTOP-AR5PPPC" failures="0" tests="1" name="bikes.TC_Bikes_012" time="30.494" errors="0" timestamp="2023-05-13T08:35:28 IST" skipped="0">
  <testcase classname="bikes.TC_Bikes_012" name="bikes" time="30.494"/>
  <system-out/>
</testsuite> <!-- bikes.TC_Bikes_012 -->
