<?xml version="1.0" encoding="UTF-8"?>
<!-- Generated by org.testng.reporters.JUnitReportReporter -->
<testsuite hostname="DESKTOP-AR5PPPC" failures="0" tests="4" name="workingWithTestNG.ToUnderstandDataProviderUsingExcel" time="144.957" errors="0" timestamp="2023-05-15T09:06:53 IST" skipped="0">
  <testcase classname="workingWithTestNG.ToUnderstandDataProviderUsingExcel" name="test" time="14.656"/>
  <system-out/>
  <testcase classname="workingWithTestNG.ToUnderstandDataProviderUsingExcel" name="test" time="9.670"/>
  <system-out/>
  <testcase classname="workingWithTestNG.ToUnderstandDataProviderUsingExcel" name="test" time="69.961"/>
  <system-out/>
  <testcase classname="workingWithTestNG.ToUnderstandDataProviderUsingExcel" name="test" time="50.670"/>
  <system-out/>
</testsuite> <!-- workingWithTestNG.ToUnderstandDataProviderUsingExcel -->
