<?xml version="1.0" encoding="UTF-8"?>
<!-- Generated by org.testng.reporters.JUnitReportReporter -->
<testsuite hostname="DESKTOP-AR5PPPC" failures="0" tests="1" name="assertion.AssertionFacebook" time="15.977" errors="0" timestamp="2023-05-17T08:46:44 IST" skipped="0">
  <testcase classname="assertion.AssertionFacebook" name="emailSignInMessageVerificationAndValidation" time="15.977"/>
  <system-out>
Empty Chrome Browser Is Launched Browser Window Is Maximized Successfully clicked on Login Button  </system-out>
</testsuite> <!-- assertion.AssertionFacebook -->
