<?xml version="1.0" encoding="UTF-8"?>
<!-- Generated by org.testng.reporters.JUnitReportReporter -->
<testsuite hostname="DESKTOP-AR5PPPC" failures="0" tests="2" name="workingWithTestNG.ToUnderstandDataProviderUsingExcel2" time="80.484" errors="0" timestamp="2023-05-16T07:58:56 IST" skipped="0">
  <testcase classname="workingWithTestNG.ToUnderstandDataProviderUsingExcel2" name="actiTimeLogin" time="36.417"/>
  <system-out/>
  <testcase classname="workingWithTestNG.ToUnderstandDataProviderUsingExcel2" name="actiTimeLogin" time="44.067"/>
  <system-out/>
</testsuite> <!-- workingWithTestNG.ToUnderstandDataProviderUsingExcel2 -->
