<?xml version="1.0" encoding="UTF-8"?>
<!-- Generated by org.testng.reporters.JUnitReportReporter -->
<testsuite hostname="DESKTOP-AR5PPPC" failures="0" tests="1" name="cars.TC_Cars_020" time="25.002" errors="0" timestamp="2023-05-13T08:42:24 IST" skipped="0">
  <testcase classname="cars.TC_Cars_020" name="cars" time="25.002"/>
  <system-out/>
</testsuite> <!-- cars.TC_Cars_020 -->
