<?xml version="1.0" encoding="UTF-8"?>
<!-- Generated by org.testng.reporters.JUnitReportReporter -->
<testsuite hostname="DESKTOP-AR5PPPC" failures="0" tests="1" name="configurationAnnotations.ToUnderstandConfigurationAnnotation" time="20.181" errors="0" timestamp="2023-05-19T08:54:24 IST" skipped="0">
  <testcase classname="configurationAnnotations.ToUnderstandConfigurationAnnotation" name="createCustomer" time="20.181"/>
  <system-out>
Task Page Is Displayed Successfully entered valid customer name Customer Created Successfully  </system-out>
</testsuite> <!-- configurationAnnotations.ToUnderstandConfigurationAnnotation -->
