<?xml version="1.0" encoding="UTF-8"?>
<!-- Generated by org.testng.reporters.JUnitReportReporter -->
<testsuite hostname="DESKTOP-AR5PPPC" failures="0" tests="5" name="workingWithTestNG.ExecutionCondition" time="0.024" errors="0" timestamp="2023-05-13T20:27:42 IST" skipped="0">
  <testcase classname="workingWithTestNG.ExecutionCondition" name="modifyAccount" time="0.003"/>
  <system-out>
From Modify Account  </system-out>
  <testcase classname="workingWithTestNG.ExecutionCondition" name="deleteAccount" time="0.002"/>
  <system-out>
From Delete Account  </system-out>
  <testcase classname="workingWithTestNG.ExecutionCondition" name="register" time="0.010"/>
  <system-out>
From Register  </system-out>
  <testcase classname="workingWithTestNG.ExecutionCondition" name="transferAmount" time="0.005"/>
  <system-out>
From Transfer Amount  </system-out>
  <testcase classname="workingWithTestNG.ExecutionCondition" name="createAccount" time="0.004"/>
  <system-out>
From Create Account  </system-out>
</testsuite> <!-- workingWithTestNG.ExecutionCondition -->
