<?xml version="1.0" encoding="UTF-8"?>
<!-- Generated by org.testng.reporters.JUnitReportReporter -->
<testsuite hostname="DESKTOP-AR5PPPC" failures="0" tests="3" name="workingWithTestNG.TC_SampleScripts_001" time="39.384" errors="0" timestamp="2023-05-11T08:48:00 IST" skipped="1">
  <testcase classname="workingWithTestNG.TC_SampleScripts_001" name="redbus" time="19.680"/>
  <system-out/>
  <testcase classname="workingWithTestNG.TC_SampleScripts_001" name="redbus" time="19.704"/>
  <system-out/>
  <testcase classname="workingWithTestNG.TC_SampleScripts_001" name="makeMyTrip">
    <skipped/>
  </testcase> <!-- makeMyTrip -->
  <system-out/>
</testsuite> <!-- workingWithTestNG.TC_SampleScripts_001 -->
