<?xml version="1.0" encoding="UTF-8"?>
<!-- Generated by org.testng.reporters.JUnitReportReporter -->
<testsuite hostname="DESKTOP-AR5PPPC" failures="0" tests="2" name="workingWithTestNG.ToUnderstandDataProviderUsingScript2" time="71.879" errors="0" timestamp="2023-05-16T07:38:55 IST" skipped="0">
  <testcase classname="workingWithTestNG.ToUnderstandDataProviderUsingScript2" name="launchApplication" time="35.874"/>
  <system-out/>
  <testcase classname="workingWithTestNG.ToUnderstandDataProviderUsingScript2" name="launchApplication" time="36.005"/>
  <system-out/>
</testsuite> <!-- workingWithTestNG.ToUnderstandDataProviderUsingScript2 -->
