<?xml version="1.0" encoding="UTF-8"?>
<!-- Generated by org.testng.reporters.JUnitReportReporter -->
<testsuite hostname="DESKTOP-AR5PPPC" failures="0" tests="1" name="assertion.ToUnderstandHardAssert" time="27.090" errors="0" timestamp="2023-05-18T07:23:05 IST" skipped="0">
  <testcase classname="assertion.ToUnderstandHardAssert" name="assertionPractice" time="27.090"/>
  <system-out/>
</testsuite> <!-- assertion.ToUnderstandHardAssert -->
