<?xml version="1.0" encoding="UTF-8"?>
<!-- Generated by org.testng.reporters.JUnitReportReporter -->
<testsuite hostname="DESKTOP-AR5PPPC" failures="0" tests="4" name="workingWithTestNG.ToUnderstandDataProviderUsingScript1" time="299.030" errors="0" timestamp="2023-05-15T08:36:22 IST" skipped="0">
  <testcase classname="workingWithTestNG.ToUnderstandDataProviderUsingScript1" name="launchApplication" time="95.049"/>
  <system-out/>
  <testcase classname="workingWithTestNG.ToUnderstandDataProviderUsingScript1" name="launchApplication" time="65.041"/>
  <system-out/>
  <testcase classname="workingWithTestNG.ToUnderstandDataProviderUsingScript1" name="launchApplication" time="54.532"/>
  <system-out/>
  <testcase classname="workingWithTestNG.ToUnderstandDataProviderUsingScript1" name="launchApplication" time="84.408"/>
  <system-out/>
</testsuite> <!-- workingWithTestNG.ToUnderstandDataProviderUsingScript1 -->
